<?xml version="1.0" encoding="UTF-8"?>
<!-- Generated by org.testng.reporters.JUnitXMLReporter -->
<testsuite ignored="0" hostname="ShivRaj" failures="0" tests="4" name="Default test" time="16.427" errors="0" timestamp="2024-10-01T17:14:59 IST">
  <testcase classname="api.test.UserTests" name="testPostUser" time="10.538"/>
  <testcase classname="api.test.UserTests" name="testGetUserByName" time="1.33"/>
  <testcase classname="api.test.UserTests" name="testUpdateUserByName" time="2.547"/>
  <testcase classname="api.test.UserTests" name="testDeleteUserByName" time="1.132"/>
</testsuite> <!-- Default test -->
