<?xml version="1.0" encoding="UTF-8"?>
<!-- Generated by org.testng.reporters.JUnitXMLReporter -->
<testsuite ignored="0" hostname="ShivRaj" failures="0" tests="4" name="Test" time="12.08" errors="0" timestamp="2024-10-01T18:07:59 IST">
  <testcase classname="api.test.UserTests" name="testPostUser" time="5.504"/>
  <testcase classname="api.test.UserTests" name="testGetUserByName" time="1.309"/>
  <testcase classname="api.test.UserTests" name="testUpdateUserByName" time="2.53"/>
  <testcase classname="api.test.UserTests" name="testDeleteUserByName" time="1.156"/>
</testsuite> <!-- Test -->
