<?xml version="1.0" encoding="UTF-8"?>
<!-- Generated by org.testng.reporters.JUnitXMLReporter -->
<testsuite ignored="0" hostname="ShivRaj" failures="0" tests="4" name="Test" time="14.663" errors="0" timestamp="2024-10-01T17:26:51 IST">
  <testcase classname="api.test.UserTests" name="testPostUser" time="8.105"/>
  <testcase classname="api.test.UserTests" name="testGetUserByName" time="1.31"/>
  <testcase classname="api.test.UserTests" name="testUpdateUserByName" time="2.784"/>
  <testcase classname="api.test.UserTests" name="testDeleteUserByName" time="1.24"/>
</testsuite> <!-- Test -->
