<?xml version="1.0" encoding="UTF-8"?>
<!-- Generated by org.testng.reporters.JUnitXMLReporter -->
<testsuite ignored="0" hostname="ShivRaj" failures="0" tests="4" name="Test" time="10.305" errors="0" timestamp="2024-10-01T18:16:41 IST">
  <testcase classname="api.test.UserTests" name="testPostUser" time="4.815"/>
  <testcase classname="api.test.UserTests" name="testGetUserByName" time="1.205"/>
  <testcase classname="api.test.UserTests" name="testUpdateUserByName" time="2.165"/>
  <testcase classname="api.test.UserTests" name="testDeleteUserByName" time="1.088"/>
</testsuite> <!-- Test -->
