<?xml version="1.0" encoding="UTF-8"?>
<testng-results ignored="0" total="4" passed="4" failed="0" skipped="0">
  <reporter-output>
  </reporter-output>
  <suite started-at="2024-10-01T18:20:16 IST" name="Suite" finished-at="2024-10-01T18:20:33 IST" duration-ms="16712">
    <groups>
    </groups>
    <test started-at="2024-10-01T18:20:16 IST" name="Test" finished-at="2024-10-01T18:20:33 IST" duration-ms="16712">
      <class name="api.test.UserTests">
        <test-method is-config="true" signature="setup()[pri:0, instance:api.test.UserTests@368247b9]" started-at="2024-10-01T18:20:17 IST" name="setup" finished-at="2024-10-01T18:20:18 IST" duration-ms="654" status="PASS">
          <reporter-output>
          </reporter-output>
        </test-method> <!-- setup -->
        <test-method signature="testPostUser()[pri:1, instance:api.test.UserTests@368247b9]" started-at="2024-10-01T18:20:18 IST" name="testPostUser" finished-at="2024-10-01T18:20:28 IST" duration-ms="10160" status="PASS">
          <reporter-output>
          </reporter-output>
        </test-method> <!-- testPostUser -->
        <test-method signature="testGetUserByName()[pri:2, instance:api.test.UserTests@368247b9]" started-at="2024-10-01T18:20:28 IST" name="testGetUserByName" finished-at="2024-10-01T18:20:29 IST" duration-ms="1314" status="PASS">
          <reporter-output>
          </reporter-output>
        </test-method> <!-- testGetUserByName -->
        <test-method signature="testUpdateUserByName()[pri:3, instance:api.test.UserTests@368247b9]" started-at="2024-10-01T18:20:29 IST" name="testUpdateUserByName" finished-at="2024-10-01T18:20:32 IST" duration-ms="2497" status="PASS">
          <reporter-output>
          </reporter-output>
        </test-method> <!-- testUpdateUserByName -->
        <test-method signature="testDeleteUserByName()[pri:4, instance:api.test.UserTests@368247b9]" started-at="2024-10-01T18:20:32 IST" name="testDeleteUserByName" finished-at="2024-10-01T18:20:33 IST" duration-ms="1186" status="PASS">
          <reporter-output>
          </reporter-output>
        </test-method> <!-- testDeleteUserByName -->
      </class> <!-- api.test.UserTests -->
    </test> <!-- Test -->
  </suite> <!-- Suite -->
</testng-results>
